[T 09:21:39 26176] Initializing tracer.
[T 09:21:39 26176] Initializing tags.
[T 09:21:40 26176] CodeQL CLI version 2.23.0
[T 09:21:40 26176] Initializing tracer.
[T 09:21:40 26176] Initializing tags.
[T 09:21:40 26176] Allocated ID F6CC51B100006640_0000000000000001 (parent )
[T 09:21:40 26176] ==== Candidate to intercept: C:\ProgramData\chocolatey\lib\codeql\tools\codeql\tools\win64\runner.exe (33652) ====
[T 09:21:40 26176] Executing the following tracer actions:
[T 09:21:40 26176] Tracer actions:
[T 09:21:40 26176] pre_invocations(0)
[T 09:21:40 26176] post_invocations(0)
[T 09:21:40 26176] trace_languages(1): [go]
[T 09:21:40 33652] Initializing tracer.
[T 09:21:40 33652] Initializing tags.
[T 09:21:40 33652] ID set to F6CC51B100006640_0000000000000001 (parent root)
[T 09:21:40 33652] Allocated ID DA45DC8B00008374_0000000000000001 (parent F6CC51B100006640_0000000000000001)
[T 09:21:40 33652] ==== Candidate to intercept: C:\Windows\System32\cmd.exe (41600) ====
[T 09:21:40 33652] Executing the following tracer actions:
[T 09:21:40 33652] Tracer actions:
[T 09:21:40 33652] pre_invocations(0)
[T 09:21:40 33652] post_invocations(0)
[T 09:21:40 33652] trace_languages(1): [go]
[T 09:21:40 41600] Initializing tracer.
[T 09:21:40 41600] Initializing tags.
[T 09:21:40 41600] ID set to DA45DC8B00008374_0000000000000001 (parent F6CC51B100006640_0000000000000001)
[T 09:21:41 41600] Allocated ID 3FD072B50000A280_0000000000000001 (parent DA45DC8B00008374_0000000000000001)
[T 09:21:41 41600] ==== Candidate to intercept: C:\ProgramData\chocolatey\lib\codeql\tools\codeql\go\tools\win64\go-autobuilder.exe (32056) ====
[T 09:21:41 41600] Lua: === Intercepted call to c:\programdata\chocolatey\lib\codeql\tools\codeql\go\tools\win64\go-autobuilder.exe ===
[T 09:21:41 41600] Lua: Disabling tracing for language go.
[T 09:21:41 41600] Executing the following tracer actions:
[T 09:21:41 41600] Tracer actions:
[T 09:21:41 41600] pre_invocations(0)
[T 09:21:41 41600] post_invocations(0)
[T 09:21:41 41600] trace_languages(0): []
[T 09:21:41 32056] Initializing tracer.
[T 09:21:41 32056] Initializing tags.
[T 09:21:41 32056] ID set to 3FD072B50000A280_0000000000000001 (parent DA45DC8B00008374_0000000000000001)
[T 09:21:41 32056] Skipping tracer hook installation due to rpc being absent, or it being disabled.

